<?xml version="1.0" encoding="UTF-8"?>
<!-- Generated by org.testng.reporters.JUnitReportReporter -->
<testsuite hostname="LAPTOP-1GC1R3HG" failures="0" tests="1" name="formsTesting.CircleTesting" time="0.025" errors="0" timestamp="2024-10-08T11:31:45 MESZ" skipped="0">
  <testcase classname="formsTesting.CircleTesting" name="testCalculateArea" time="0.025"/>
  <system-out/>
</testsuite> <!-- formsTesting.CircleTesting -->
