<?xml version="1.0" encoding="UTF-8"?>
<!-- Generated by org.testng.reporters.JUnitReportReporter -->
<testsuite hostname="LAPTOP-1GC1R3HG" failures="0" tests="4" name="formsTesting.GroupTesting" time="0.017" errors="0" timestamp="2024-10-22T10:30:19 MESZ" skipped="0">
  <testcase classname="formsTesting.GroupTesting" name="testAddForm2" time="0.001"/>
  <system-out/>
  <testcase classname="formsTesting.GroupTesting" name="testCalculateArea" time="0.002"/>
  <system-out/>
  <testcase classname="formsTesting.GroupTesting" name="testCalculateArea2" time="0.001"/>
  <system-out/>
  <testcase classname="formsTesting.GroupTesting" name="testAddForm" time="0.013"/>
  <system-out/>
</testsuite> <!-- formsTesting.GroupTesting -->
