<?xml version="1.0" encoding="UTF-8"?>
<!-- Generated by org.testng.reporters.JUnitReportReporter -->
<testsuite hostname="LAPTOP-1GC1R3HG" failures="0" tests="4" name="formsTesting.CircleTesting" time="0.038" errors="0" timestamp="2024-10-08T11:39:49 MESZ" skipped="0">
  <testcase classname="formsTesting.CircleTesting" name="testCalculateCircumference1" time="0.004"/>
  <system-out/>
  <testcase classname="formsTesting.CircleTesting" name="testCalculateCircumference2" time="0.002"/>
  <system-out/>
  <testcase classname="formsTesting.CircleTesting" name="testCalculateArea1" time="0.029"/>
  <system-out/>
  <testcase classname="formsTesting.CircleTesting" name="testCalculateArea2" time="0.003"/>
  <system-out/>
</testsuite> <!-- formsTesting.CircleTesting -->
