<?xml version="1.0" encoding="UTF-8"?>
<!-- Generated by org.testng.reporters.JUnitReportReporter -->
<testsuite hostname="LAPTOP-TN72FNPT" failures="0" tests="1" name="exceptionsTesting.Test_Aufgabe4" time="0.010" errors="0" timestamp="2024-11-05T11:43:24 MEZ" skipped="0">
  <testcase classname="exceptionsTesting.Test_Aufgabe4" name="testReadFile2" time="0.010"/>
  <system-out/>
</testsuite> <!-- exceptionsTesting.Test_Aufgabe4 -->
